<?xml version="1.0" encoding="UTF-8"?>
<testsuites>
  <testsuite name="fastlane.lanes">
    
    
    
      
      <testcase classname="fastlane.lanes" name="0: default_platform" time="0.000347957">
        
      </testcase>
    
      
      <testcase classname="fastlane.lanes" name="1: clean" time="1.321650607">
        
          <failure message="/nix/store/wy2jsd1rbkzdpx9csc684677qlxwz4py-ruby3.1-fastlane-2.220.0/lib/ruby/gems/3.1.0/gems/fastlane-2.220.0/fastlane/lib/fastlane/actions/actions_helper.rb:67:in `execute_action&apos;&#10;/nix/store/wy2jsd1rbkzdpx9csc684677qlxwz4py-ruby3.1-fastlane-2.220.0/lib/ruby/gems/3.1.0/gems/fastlane-2.220.0/fastlane/lib/fastlane/runner.rb:255:in `block in execute_action&apos;&#10;/nix/store/wy2jsd1rbkzdpx9csc684677qlxwz4py-ruby3.1-fastlane-2.220.0/lib/ruby/gems/3.1.0/gems/fastlane-2.220.0/fastlane/lib/fastlane/runner.rb:229:in `chdir&apos;&#10;/nix/store/wy2jsd1rbkzdpx9csc684677qlxwz4py-ruby3.1-fastlane-2.220.0/lib/ruby/gems/3.1.0/gems/fastlane-2.220.0/fastlane/lib/fastlane/runner.rb:229:in `execute_action&apos;&#10;/nix/store/wy2jsd1rbkzdpx9csc684677qlxwz4py-ruby3.1-fastlane-2.220.0/lib/ruby/gems/3.1.0/gems/fastlane-2.220.0/fastlane/lib/fastlane/runner.rb:157:in `trigger_action_by_name&apos;&#10;/nix/store/wy2jsd1rbkzdpx9csc684677qlxwz4py-ruby3.1-fastlane-2.220.0/lib/ruby/gems/3.1.0/gems/fastlane-2.220.0/fastlane/lib/fastlane/fast_file.rb:159:in `method_missing&apos;&#10;Fastfile:6:in `block (2 levels) in parsing_binding&apos;&#10;/nix/store/wy2jsd1rbkzdpx9csc684677qlxwz4py-ruby3.1-fastlane-2.220.0/lib/ruby/gems/3.1.0/gems/fastlane-2.220.0/fastlane/lib/fastlane/lane.rb:41:in `call&apos;&#10;/nix/store/wy2jsd1rbkzdpx9csc684677qlxwz4py-ruby3.1-fastlane-2.220.0/lib/ruby/gems/3.1.0/gems/fastlane-2.220.0/fastlane/lib/fastlane/runner.rb:49:in `block in execute&apos;&#10;/nix/store/wy2jsd1rbkzdpx9csc684677qlxwz4py-ruby3.1-fastlane-2.220.0/lib/ruby/gems/3.1.0/gems/fastlane-2.220.0/fastlane/lib/fastlane/runner.rb:45:in `chdir&apos;&#10;/nix/store/wy2jsd1rbkzdpx9csc684677qlxwz4py-ruby3.1-fastlane-2.220.0/lib/ruby/gems/3.1.0/gems/fastlane-2.220.0/fastlane/lib/fastlane/runner.rb:45:in `execute&apos;&#10;/nix/store/wy2jsd1rbkzdpx9csc684677qlxwz4py-ruby3.1-fastlane-2.220.0/lib/ruby/gems/3.1.0/gems/fastlane-2.220.0/fastlane/lib/fastlane/lane_manager.rb:46:in `cruise_lane&apos;&#10;/nix/store/wy2jsd1rbkzdpx9csc684677qlxwz4py-ruby3.1-fastlane-2.220.0/lib/ruby/gems/3.1.0/gems/fastlane-2.220.0/fastlane/lib/fastlane/command_line_handler.rb:34:in `handle&apos;&#10;/nix/store/wy2jsd1rbkzdpx9csc684677qlxwz4py-ruby3.1-fastlane-2.220.0/lib/ruby/gems/3.1.0/gems/fastlane-2.220.0/fastlane/lib/fastlane/commands_generator.rb:110:in `block (2 levels) in run&apos;&#10;/nix/store/ry6awbdap072b7gjdg0jwky8xpxf9s1d-ruby3.1-commander-4.6.0/lib/ruby/gems/3.1.0/gems/commander-4.6.0/lib/commander/command.rb:187:in `call&apos;&#10;/nix/store/ry6awbdap072b7gjdg0jwky8xpxf9s1d-ruby3.1-commander-4.6.0/lib/ruby/gems/3.1.0/gems/commander-4.6.0/lib/commander/command.rb:157:in `run&apos;&#10;/nix/store/ry6awbdap072b7gjdg0jwky8xpxf9s1d-ruby3.1-commander-4.6.0/lib/ruby/gems/3.1.0/gems/commander-4.6.0/lib/commander/runner.rb:444:in `run_active_command&apos;&#10;/nix/store/wy2jsd1rbkzdpx9csc684677qlxwz4py-ruby3.1-fastlane-2.220.0/lib/ruby/gems/3.1.0/gems/fastlane-2.220.0/fastlane_core/lib/fastlane_core/ui/fastlane_runner.rb:124:in `run!&apos;&#10;/nix/store/ry6awbdap072b7gjdg0jwky8xpxf9s1d-ruby3.1-commander-4.6.0/lib/ruby/gems/3.1.0/gems/commander-4.6.0/lib/commander/delegates.rb:18:in `run!&apos;&#10;/nix/store/wy2jsd1rbkzdpx9csc684677qlxwz4py-ruby3.1-fastlane-2.220.0/lib/ruby/gems/3.1.0/gems/fastlane-2.220.0/fastlane/lib/fastlane/commands_generator.rb:363:in `run&apos;&#10;/nix/store/wy2jsd1rbkzdpx9csc684677qlxwz4py-ruby3.1-fastlane-2.220.0/lib/ruby/gems/3.1.0/gems/fastlane-2.220.0/fastlane/lib/fastlane/commands_generator.rb:43:in `start&apos;&#10;/nix/store/wy2jsd1rbkzdpx9csc684677qlxwz4py-ruby3.1-fastlane-2.220.0/lib/ruby/gems/3.1.0/gems/fastlane-2.220.0/fastlane/lib/fastlane/cli_tools_distributor.rb:123:in `take_off&apos;&#10;/nix/store/1gjlr4yrjjik3asb6lhkg7v9gg4cvnqs-fastlane-2.220.0/lib/ruby/gems/3.1.0/gems/fastlane-2.220.0/bin/fastlane:23:in `&lt;top (required)&gt;&apos;&#10;/nix/store/1gjlr4yrjjik3asb6lhkg7v9gg4cvnqs-fastlane-2.220.0/bin/.fastlane-wrapped:35:in `load&apos;&#10;/nix/store/1gjlr4yrjjik3asb6lhkg7v9gg4cvnqs-fastlane-2.220.0/bin/.fastlane-wrapped:35:in `&lt;main&gt;&apos;&#10;&#10;Exit status of command &apos;/home/user/myapp/android/gradlew clean -p .&apos; was 1 instead of 0.&#10;&gt; Task :gradle:checkKotlinGradlePluginConfigurationErrors SKIPPED&#10;&gt; Task :gradle:compileKotlin UP-TO-DATE&#10;&gt; Task :gradle:compileJava NO-SOURCE&#10;&gt; Task :gradle:compileGroovy NO-SOURCE&#10;&gt; Task :gradle:pluginDescriptors UP-TO-DATE&#10;&gt; Task :gradle:processResources UP-TO-DATE&#10;&gt; Task :gradle:classes UP-TO-DATE&#10;&gt; Task :gradle:jar UP-TO-DATE&#10;&#10;&gt; Configure project :app&#10;Checking the license for package NDK (Side by side) 27.0.12077973 in /nix/store/ss63ya530cigq9q55wsqdfksk5s0kkl4-android-sdk-platform-tools-36.0.0/libexec/android-sdk/licenses&#10;Warning: License for package NDK (Side by side) 27.0.12077973 not accepted.&#10;&#10;FAILURE: Build failed with an exception.&#10;&#10;* Where:&#10;Build file &apos;/home/user/myapp/android/build.gradle.kts&apos; line: 30&#10;&#10;* What went wrong:&#10;A problem occurred configuring project &apos;:app&apos;.&#10;&gt; com.android.builder.sdk.LicenceNotAcceptedException: Failed to install the following Android SDK packages as some licences have not been accepted.&#10;     ndk;27.0.12077973 NDK (Side by side) 27.0.12077973&#10;  To build this project, accept the SDK license agreements and install the missing components using the Android Studio SDK Manager.&#10;  All licenses can be accepted using the sdkmanager command line tool:&#10;  sdkmanager.bat --licenses&#10;  Or, to transfer the license agreements from one workstation to another, see https://developer.android.com/studio/intro/update.html#download-with-gradle&#10;  &#10;  Using Android SDK: /nix/store/ss63ya530cigq9q55wsqdfksk5s0kkl4-android-sdk-platform-tools-36.0.0/libexec/android-sdk&#10;&#10;* Try:&#10;&gt; Run with --stacktrace option to get the stack trace.&#10;&gt; Run with --info or --debug option to get more log output.&#10;&gt; Run with --scan to get full insights.&#10;&gt; Get more help at https://help.gradle.org.&#10;&#10;BUILD FAILED in 1s&#10;4 actionable tasks: 4 up-to-date&#10;" />
        
      </testcase>
    
  </testsuite>
</testsuites>
